This is XeTeX, Version 3.141592653-2.6-0.999994 (TeX Live 2022) (preloaded format=xelatex 2022.12.1)  25 JUN 2024 11:48
entering extended mode
 restricted \write18 enabled.
 file:line:error style messages enabled.
 %&-line parsing enabled.
**mid_cv.tex
(./mid_cv.tex
LaTeX2e <2021-11-15> patch level 1
L3 programming layer <2022-02-24>
(/usr/local/texlive/2022/texmf-dist/tex/latex/base/article.cls
Document Class: article 2021/10/04 v1.4n Standard LaTeX document class
(/usr/local/texlive/2022/texmf-dist/tex/latex/base/size12.clo
File: size12.clo 2021/10/04 v1.4n Standard LaTeX file (size option)
)
\c@part=\count181
\c@section=\count182
\c@subsection=\count183
\c@subsubsection=\count184
\c@paragraph=\count185
\c@subparagraph=\count186
\c@figure=\count187
\c@table=\count188
\abovecaptionskip=\skip47
\belowcaptionskip=\skip48
\bibindent=\dimen138
)
(/usr/local/texlive/2022/texmf-dist/tex/latex/fontspec/fontspec.sty
(/usr/local/texlive/2022/texmf-dist/tex/latex/l3packages/xparse/xparse.sty
(/usr/local/texlive/2022/texmf-dist/tex/latex/l3kernel/expl3.sty
Package: expl3 2022-02-24 L3 programming layer (loader) 

(/usr/local/texlive/2022/texmf-dist/tex/latex/l3backend/l3backend-xetex.def
File: l3backend-xetex.def 2022-02-07 L3 backend support: XeTeX

(|extractbb --version)
\c__kernel_sys_dvipdfmx_version_int=\count189
\l__color_backend_stack_int=\count190
\g__color_backend_stack_int=\count191
\g__graphics_track_int=\count192
\l__pdf_internal_box=\box50
\g__pdf_backend_object_int=\count193
\g__pdf_backend_annotation_int=\count194
\g__pdf_backend_link_int=\count195
))
Package: xparse 2022-01-12 L3 Experimental document command parser
)
Package: fontspec 2022/01/15 v2.8a Font selection for XeLaTeX and LuaLaTeX

(/usr/local/texlive/2022/texmf-dist/tex/latex/fontspec/fontspec-xetex.sty
Package: fontspec-xetex 2022/01/15 v2.8a Font selection for XeLaTeX and LuaLaTe
X
\l__fontspec_script_int=\count196
\l__fontspec_language_int=\count197
\l__fontspec_strnum_int=\count198
\l__fontspec_tmp_int=\count199
\l__fontspec_tmpa_int=\count266
\l__fontspec_tmpb_int=\count267
\l__fontspec_tmpc_int=\count268
\l__fontspec_em_int=\count269
\l__fontspec_emdef_int=\count270
\l__fontspec_strong_int=\count271
\l__fontspec_strongdef_int=\count272
\l__fontspec_tmpa_dim=\dimen139
\l__fontspec_tmpb_dim=\dimen140
\l__fontspec_tmpc_dim=\dimen141

(/usr/local/texlive/2022/texmf-dist/tex/latex/base/fontenc.sty
Package: fontenc 2021/04/29 v2.0v Standard LaTeX package
)
(/usr/local/texlive/2022/texmf-dist/tex/latex/fontspec/fontspec.cfg)))
(/usr/local/texlive/2022/texmf-dist/tex/latex/tools/multicol.sty
Package: multicol 2021/10/28 v1.9b multicolumn formatting (FMi)
\c@tracingmulticols=\count273
\mult@box=\box51
\multicol@leftmargin=\dimen142
\c@unbalance=\count274
\c@collectmore=\count275
\doublecol@number=\count276
\multicoltolerance=\count277
\multicolpretolerance=\count278
\full@width=\dimen143
\page@free=\dimen144
\premulticols=\dimen145
\postmulticols=\dimen146
\multicolsep=\skip49
\multicolbaselineskip=\skip50
\partial@page=\box52
\last@line=\box53
\maxbalancingoverflow=\dimen147
\mult@rightbox=\box54
\mult@grightbox=\box55
\mult@firstbox=\box56
\mult@gfirstbox=\box57
\@tempa=\box58
\@tempa=\box59
\@tempa=\box60
\@tempa=\box61
\@tempa=\box62
\@tempa=\box63
\@tempa=\box64
\@tempa=\box65
\@tempa=\box66
\@tempa=\box67
\@tempa=\box68
\@tempa=\box69
\@tempa=\box70
\@tempa=\box71
\@tempa=\box72
\@tempa=\box73
\@tempa=\box74
\@tempa=\box75
\@tempa=\box76
\@tempa=\box77
\@tempa=\box78
\@tempa=\box79
\@tempa=\box80
\@tempa=\box81
\@tempa=\box82
\@tempa=\box83
\@tempa=\box84
\@tempa=\box85
\@tempa=\box86
\@tempa=\box87
\@tempa=\box88
\@tempa=\box89
\@tempa=\box90
\@tempa=\box91
\@tempa=\box92
\@tempa=\box93
\c@minrows=\count279
\c@columnbadness=\count280
\c@finalcolumnbadness=\count281
\last@try=\dimen148
\multicolovershoot=\dimen149
\multicolundershoot=\dimen150
\mult@nat@firstbox=\box94
\colbreak@box=\box95
\mc@col@check@num=\count282
)
(/usr/local/texlive/2022/texmf-dist/tex/latex/geometry/geometry.sty
Package: geometry 2020/01/02 v5.9 Page Geometry

(/usr/local/texlive/2022/texmf-dist/tex/latex/graphics/keyval.sty
Package: keyval 2014/10/28 v1.15 key=value parser (DPC)
\KV@toks@=\toks16
)
(/usr/local/texlive/2022/texmf-dist/tex/generic/iftex/ifvtex.sty
Package: ifvtex 2019/10/25 v1.7 ifvtex legacy package. Use iftex instead.

(/usr/local/texlive/2022/texmf-dist/tex/generic/iftex/iftex.sty
Package: iftex 2022/02/03 v1.0f TeX engine tests
))
\Gm@cnth=\count283
\Gm@cntv=\count284
\c@Gm@tempcnt=\count285
\Gm@bindingoffset=\dimen151
\Gm@wd@mp=\dimen152
\Gm@odd@mp=\dimen153
\Gm@even@mp=\dimen154
\Gm@layoutwidth=\dimen155
\Gm@layoutheight=\dimen156
\Gm@layouthoffset=\dimen157
\Gm@layoutvoffset=\dimen158
\Gm@dimlist=\toks17
)
(/usr/local/texlive/2022/texmf-dist/tex/latex/xcolor/xcolor.sty
Package: xcolor 2021/10/31 v2.13 LaTeX color extensions (UK)

(/usr/local/texlive/2022/texmf-dist/tex/latex/graphics-cfg/color.cfg
File: color.cfg 2016/01/02 v1.6 sample color configuration
)
Package xcolor Info: Package option `usenames' ignored on input line 218.
Package xcolor Info: Driver file: xetex.def on input line 227.

(/usr/local/texlive/2022/texmf-dist/tex/latex/graphics-def/xetex.def
File: xetex.def 2021/03/18 v5.0k Graphics/color driver for xetex
)
Package xcolor Info: Model `cmy' substituted by `cmy0' on input line 1352.
Package xcolor Info: Model `RGB' extended on input line 1368.
Package xcolor Info: Model `HTML' substituted by `rgb' on input line 1370.
Package xcolor Info: Model `Hsb' substituted by `hsb' on input line 1371.
Package xcolor Info: Model `tHsb' substituted by `hsb' on input line 1372.
Package xcolor Info: Model `HSB' substituted by `hsb' on input line 1373.
Package xcolor Info: Model `Gray' substituted by `gray' on input line 1374.
Package xcolor Info: Model `wave' substituted by `hsb' on input line 1375.

(/usr/local/texlive/2022/texmf-dist/tex/latex/graphics/dvipsnam.def
File: dvipsnam.def 2016/06/17 v3.0m Driver-dependent file (DPC,SPQR)
))
(/usr/local/texlive/2022/texmf-dist/tex/latex/sectsty/sectsty.sty
Package: sectsty 2002/02/25 v2.0.2 Commands to change all sectional heading sty
les


LaTeX Warning: Command \underbar  has changed.
               Check if current package is valid.


LaTeX Warning: Command \underline  has changed.
               Check if current package is valid.

) (/usr/local/texlive/2022/texmf-dist/tex/generic/ulem/ulem.sty
\UL@box=\box96
\UL@hyphenbox=\box97
\UL@skip=\skip51
\UL@hook=\toks18
\UL@height=\dimen159
\UL@pe=\count286
\UL@pixel=\dimen160
\ULC@box=\box98
Package: ulem 2019/11/18
\ULdepth=\dimen161
)
(/usr/local/texlive/2022/texmf-dist/tex/xelatex/xunicode/xunicode.sty
File: xunicode.sty 2011/09/09 v0.981 provides access to latin accents and many 
other characters in Unicode lower plane

(/usr/local/texlive/2022/texmf-dist/tex/latex/tipa/t3enc.def
File: t3enc.def 2001/12/31 T3 encoding
)
\tipaTiiicode=\count287
\tipasavetokens=\toks19
\tipachecktokens=\toks20

(/usr/local/texlive/2022/texmf-dist/tex/latex/graphics/graphicx.sty
Package: graphicx 2021/09/16 v1.2d Enhanced LaTeX Graphics (DPC,SPQR)

(/usr/local/texlive/2022/texmf-dist/tex/latex/graphics/graphics.sty
Package: graphics 2021/03/04 v1.4d Standard LaTeX Graphics (DPC,SPQR)

(/usr/local/texlive/2022/texmf-dist/tex/latex/graphics/trig.sty
Package: trig 2021/08/11 v1.11 sin cos tan (DPC)
)
(/usr/local/texlive/2022/texmf-dist/tex/latex/graphics-cfg/graphics.cfg
File: graphics.cfg 2016/06/04 v1.11 sample graphics configuration
)
Package graphics Info: Driver file: xetex.def on input line 107.
)
\Gin@req@height=\dimen162
\Gin@req@width=\dimen163
))
(/usr/local/texlive/2022/texmf-dist/tex/latex/marginnote/marginnote.sty
Package: marginnote 2018/08/09 v1.4b non floating margin notes for LaTeX
\c@mn@abspage=\count288
)
(/usr/local/texlive/2022/texmf-dist/tex/latex/hyperref/hyperref.sty
Package: hyperref 2022-02-21 v7.00n Hypertext links for LaTeX

(/usr/local/texlive/2022/texmf-dist/tex/generic/ltxcmds/ltxcmds.sty
Package: ltxcmds 2020-05-10 v1.25 LaTeX kernel commands for general use (HO)
)
(/usr/local/texlive/2022/texmf-dist/tex/generic/pdftexcmds/pdftexcmds.sty
Package: pdftexcmds 2020-06-27 v0.33 Utility functions of pdfTeX for LuaTeX (HO
)

(/usr/local/texlive/2022/texmf-dist/tex/generic/infwarerr/infwarerr.sty
Package: infwarerr 2019/12/03 v1.5 Providing info/warning/error messages (HO)
)
Package pdftexcmds Info: \pdf@primitive is available.
Package pdftexcmds Info: \pdf@ifprimitive is available.
Package pdftexcmds Info: \pdfdraftmode not found.
)
(/usr/local/texlive/2022/texmf-dist/tex/generic/kvsetkeys/kvsetkeys.sty
Package: kvsetkeys 2019/12/15 v1.18 Key value parser (HO)
)
(/usr/local/texlive/2022/texmf-dist/tex/generic/kvdefinekeys/kvdefinekeys.sty
Package: kvdefinekeys 2019-12-19 v1.6 Define keys (HO)
)
(/usr/local/texlive/2022/texmf-dist/tex/generic/pdfescape/pdfescape.sty
Package: pdfescape 2019/12/09 v1.15 Implements pdfTeX's escape features (HO)
)
(/usr/local/texlive/2022/texmf-dist/tex/latex/hycolor/hycolor.sty
Package: hycolor 2020-01-27 v1.10 Color options for hyperref/bookmark (HO)
)
(/usr/local/texlive/2022/texmf-dist/tex/latex/letltxmacro/letltxmacro.sty
Package: letltxmacro 2019/12/03 v1.6 Let assignment for LaTeX macros (HO)
)
(/usr/local/texlive/2022/texmf-dist/tex/latex/auxhook/auxhook.sty
Package: auxhook 2019-12-17 v1.6 Hooks for auxiliary files (HO)
)
(/usr/local/texlive/2022/texmf-dist/tex/latex/kvoptions/kvoptions.sty
Package: kvoptions 2020-10-07 v3.14 Key value format for package options (HO)
)
\@linkdim=\dimen164
\Hy@linkcounter=\count289
\Hy@pagecounter=\count290

(/usr/local/texlive/2022/texmf-dist/tex/latex/hyperref/pd1enc.def
File: pd1enc.def 2022-02-21 v7.00n Hyperref: PDFDocEncoding definition (HO)
)
(/usr/local/texlive/2022/texmf-dist/tex/generic/intcalc/intcalc.sty
Package: intcalc 2019/12/15 v1.3 Expandable calculations with integers (HO)
)
(/usr/local/texlive/2022/texmf-dist/tex/generic/etexcmds/etexcmds.sty
Package: etexcmds 2019/12/15 v1.7 Avoid name clashes with e-TeX commands (HO)
)
\Hy@SavedSpaceFactor=\count291

(/usr/local/texlive/2022/texmf-dist/tex/latex/hyperref/puenc.def
File: puenc.def 2022-02-21 v7.00n Hyperref: PDF Unicode definition (HO)

(/usr/local/texlive/2022/texmf-dist/tex/latex/hyperref/puenc-greekbasic.def
File: puenc-greekbasic.def 2022-02-21 v7.00n Hyperref: PDF Unicode definition (
greek block) (HO)
))
Package hyperref Info: Option `bookmarks' set `true' on input line 4018.
Package hyperref Info: Option `colorlinks' set `true' on input line 4018.
Package hyperref Info: Option `breaklinks' set `true' on input line 4018.
Package hyperref Info: Hyper figures OFF on input line 4137.
Package hyperref Info: Link nesting OFF on input line 4142.
Package hyperref Info: Hyper index ON on input line 4145.
Package hyperref Info: Plain pages OFF on input line 4152.
Package hyperref Info: Backreferencing OFF on input line 4157.
Package hyperref Info: Implicit mode ON; LaTeX internals redefined.
Package hyperref Info: Bookmarks ON on input line 4390.
\c@Hy@tempcnt=\count292

(/usr/local/texlive/2022/texmf-dist/tex/latex/url/url.sty
\Urlmuskip=\muskip16
Package: url 2013/09/16  ver 3.4  Verb mode for urls, etc.
)
LaTeX Info: Redefining \url on input line 4749.
\XeTeXLinkMargin=\dimen165

(/usr/local/texlive/2022/texmf-dist/tex/generic/bitset/bitset.sty
Package: bitset 2019/12/09 v1.3 Handle bit-vector datatype (HO)

(/usr/local/texlive/2022/texmf-dist/tex/generic/bigintcalc/bigintcalc.sty
Package: bigintcalc 2019/12/15 v1.5 Expandable calculations on big integers (HO
)
))
\Fld@menulength=\count293
\Field@Width=\dimen166
\Fld@charsize=\dimen167
Package hyperref Info: Hyper figures OFF on input line 6027.
Package hyperref Info: Link nesting OFF on input line 6032.
Package hyperref Info: Hyper index ON on input line 6035.
Package hyperref Info: backreferencing OFF on input line 6042.
Package hyperref Info: Link coloring ON on input line 6045.
Package hyperref Info: Link coloring with OCG OFF on input line 6052.
Package hyperref Info: PDF/A mode OFF on input line 6057.
LaTeX Info: Redefining \ref on input line 6097.
LaTeX Info: Redefining \pageref on input line 6101.

(/usr/local/texlive/2022/texmf-dist/tex/latex/base/atbegshi-ltx.sty
Package: atbegshi-ltx 2021/01/10 v1.0c Emulation of the original atbegshi
package with kernel methods
)
\Hy@abspage=\count294
\c@Item=\count295
\c@Hfootnote=\count296
)
Package hyperref Info: Driver: hxetex.

(/usr/local/texlive/2022/texmf-dist/tex/latex/hyperref/hxetex.def
File: hxetex.def 2022-02-21 v7.00n Hyperref driver for XeTeX

(/usr/local/texlive/2022/texmf-dist/tex/generic/stringenc/stringenc.sty
Package: stringenc 2019/11/29 v1.12 Convert strings between diff. encodings (HO
)
)
\pdfm@box=\box99
\c@Hy@AnnotLevel=\count297
\HyField@AnnotCount=\count298
\Fld@listcount=\count299
\c@bookmark@seq@number=\count300

(/usr/local/texlive/2022/texmf-dist/tex/latex/rerunfilecheck/rerunfilecheck.sty
Package: rerunfilecheck 2019/12/05 v1.9 Rerun checks for auxiliary files (HO)
(/usr/local/texlive/2022/texmf-dist/tex/latex/base/atveryend-ltx.sty
Package: atveryend-ltx 2020/08/19 v1.0a Emulation of the original atveryend pac
kage
with kernel methods
)
(/usr/local/texlive/2022/texmf-dist/tex/generic/uniquecounter/uniquecounter.sty
Package: uniquecounter 2019/12/15 v1.4 Provide unlimited unique counter (HO)
)
Package uniquecounter Info: New unique counter `rerunfilecheck' on input line 2
86.
)
\Hy@SectionHShift=\skip52
) (/usr/local/texlive/2022/texmf-dist/tex/latex/tools/tabularx.sty
Package: tabularx 2020/01/15 v2.11c `tabularx' package (DPC)

(/usr/local/texlive/2022/texmf-dist/tex/latex/tools/array.sty
Package: array 2021/10/04 v2.5f Tabular extension package (FMi)
\col@sep=\dimen168
\ar@mcellbox=\box100
\extrarowheight=\dimen169
\NC@list=\toks21
\extratabsurround=\skip53
\backup@length=\skip54
\ar@cellbox=\box101
)
\TX@col@width=\dimen170
\TX@old@table=\dimen171
\TX@old@col=\dimen172
\TX@target=\dimen173
\TX@delta=\dimen174
\TX@cols=\count301
\TX@ftn=\toks22
)

Package fontspec Warning: OpenType feature 'Variant=01' (ss01) not available
(fontspec)                for font 'Linux Libertine O/BI' with script
(fontspec)                'CustomDefault' and language 'Default'.


Package fontspec Info: Font family 'LinuxLibertineO(0)' created for font
(fontspec)             'Linux Libertine O' with options
(fontspec)             [Mapping=tex-text,Ligatures=TeX,Ligatures={Common},Numbe
rs={OldStyle},Variant=01].
(fontspec)              
(fontspec)              This font family consists of the following NFSS
(fontspec)             series/shapes:
(fontspec)              
(fontspec)             - 'normal' (m/n) with NFSS spec.: <->"Linux Libertine
(fontspec)             O/OT:script=latn;language=dflt;+liga;+onum;+ss01;mapping
=tex-text;"
(fontspec)             - 'small caps'  (m/sc) with NFSS spec.: <->"Linux
(fontspec)             Libertine
(fontspec)             O/OT:script=latn;language=dflt;+liga;+onum;+ss01;+smcp;m
apping=tex-text;"
(fontspec)             - 'bold' (b/n) with NFSS spec.: <->"Linux Libertine
(fontspec)             O/B/OT:script=latn;language=dflt;+liga;+onum;+ss01;mappi
ng=tex-text;"
(fontspec)             - 'bold small caps'  (b/sc) with NFSS spec.: <->"Linux
(fontspec)             Libertine
(fontspec)             O/B/OT:script=latn;language=dflt;+liga;+onum;+ss01;+smcp
;mapping=tex-text;"
(fontspec)             - 'italic' (m/it) with NFSS spec.: <->"Linux Libertine
(fontspec)             O/I/OT:script=latn;language=dflt;+liga;+onum;+ss01;mappi
ng=tex-text;"
(fontspec)             - 'italic small caps'  (m/scit) with NFSS spec.:
(fontspec)             <->"Linux Libertine
(fontspec)             O/I/OT:script=latn;language=dflt;+liga;+onum;+ss01;+smcp
;mapping=tex-text;"
(fontspec)             - 'bold italic' (b/it) with NFSS spec.: <->"Linux
(fontspec)             Libertine
(fontspec)             O/BI/OT:script=latn;language=dflt;+liga;+onum;mapping=te
x-text;"
(fontspec)             - 'bold italic small caps'  (b/scit) with NFSS spec.: 

(./mid_cv.aux)
\openout1 = `mid_cv.aux'.

LaTeX Font Info:    Checking defaults for OML/cmm/m/it on input line 99.
LaTeX Font Info:    ... okay on input line 99.
LaTeX Font Info:    Checking defaults for OMS/cmsy/m/n on input line 99.
LaTeX Font Info:    ... okay on input line 99.
LaTeX Font Info:    Checking defaults for OT1/cmr/m/n on input line 99.
LaTeX Font Info:    ... okay on input line 99.
LaTeX Font Info:    Checking defaults for T1/cmr/m/n on input line 99.
LaTeX Font Info:    ... okay on input line 99.
LaTeX Font Info:    Checking defaults for TS1/cmr/m/n on input line 99.
LaTeX Font Info:    Trying to load font information for TS1+cmr on input line 9
9.
 (/usr/local/texlive/2022/texmf-dist/tex/latex/base/ts1cmr.fd
File: ts1cmr.fd 2019/12/16 v2.5j Standard LaTeX font definitions
)
LaTeX Font Info:    ... okay on input line 99.
LaTeX Font Info:    Checking defaults for TU/lmr/m/n on input line 99.
LaTeX Font Info:    ... okay on input line 99.
LaTeX Font Info:    Checking defaults for OMX/cmex/m/n on input line 99.
LaTeX Font Info:    ... okay on input line 99.
LaTeX Font Info:    Checking defaults for U/cmr/m/n on input line 99.
LaTeX Font Info:    ... okay on input line 99.
LaTeX Font Info:    Checking defaults for T3/cmr/m/n on input line 99.
LaTeX Font Info:    Trying to load font information for T3+cmr on input line 99
.

(/usr/local/texlive/2022/texmf-dist/tex/latex/tipa/t3cmr.fd
File: t3cmr.fd 2001/12/31 TIPA font definitions
)
LaTeX Font Info:    ... okay on input line 99.
LaTeX Font Info:    Checking defaults for PD1/pdf/m/n on input line 99.
LaTeX Font Info:    ... okay on input line 99.
LaTeX Font Info:    Checking defaults for PU/pdf/m/n on input line 99.
LaTeX Font Info:    ... okay on input line 99.

Package fontspec Info: Adjusting the maths setup (use [no-math] to avoid
(fontspec)             this).

\symlegacymaths=\mathgroup4
LaTeX Font Info:    Overwriting symbol font `legacymaths' in version `bold'
(Font)                  OT1/cmr/m/n --> OT1/cmr/bx/n on input line 99.
LaTeX Font Info:    Redeclaring math accent \acute on input line 99.
LaTeX Font Info:    Redeclaring math accent \grave on input line 99.
LaTeX Font Info:    Redeclaring math accent \ddot on input line 99.
LaTeX Font Info:    Redeclaring math accent \tilde on input line 99.
LaTeX Font Info:    Redeclaring math accent \bar on input line 99.
LaTeX Font Info:    Redeclaring math accent \breve on input line 99.
LaTeX Font Info:    Redeclaring math accent \check on input line 99.
LaTeX Font Info:    Redeclaring math accent \hat on input line 99.
LaTeX Font Info:    Redeclaring math accent \dot on input line 99.
LaTeX Font Info:    Redeclaring math accent \mathring on input line 99.
LaTeX Font Info:    Redeclaring math symbol \colon on input line 99.
LaTeX Font Info:    Redeclaring math symbol \Gamma on input line 99.
LaTeX Font Info:    Redeclaring math symbol \Delta on input line 99.
LaTeX Font Info:    Redeclaring math symbol \Theta on input line 99.
LaTeX Font Info:    Redeclaring math symbol \Lambda on input line 99.
LaTeX Font Info:    Redeclaring math symbol \Xi on input line 99.
LaTeX Font Info:    Redeclaring math symbol \Pi on input line 99.
LaTeX Font Info:    Redeclaring math symbol \Sigma on input line 99.
LaTeX Font Info:    Redeclaring math symbol \Upsilon on input line 99.
LaTeX Font Info:    Redeclaring math symbol \Phi on input line 99.
LaTeX Font Info:    Redeclaring math symbol \Psi on input line 99.
LaTeX Font Info:    Redeclaring math symbol \Omega on input line 99.
LaTeX Font Info:    Redeclaring math symbol \mathdollar on input line 99.
LaTeX Font Info:    Redeclaring symbol font `operators' on input line 99.
LaTeX Font Info:    Encoding `OT1' has changed to `TU' for symbol font
(Font)              `operators' in the math version `normal' on input line 99.
LaTeX Font Info:    Overwriting symbol font `operators' in version `normal'
(Font)                  OT1/cmr/m/n --> TU/LinuxLibertineO(0)/m/n on input line
 99.
LaTeX Font Info:    Encoding `OT1' has changed to `TU' for symbol font
(Font)              `operators' in the math version `bold' on input line 99.
LaTeX Font Info:    Overwriting symbol font `operators' in version `bold'
(Font)                  OT1/cmr/bx/n --> TU/LinuxLibertineO(0)/m/n on input lin
e 99.
LaTeX Font Info:    Overwriting symbol font `operators' in version `normal'
(Font)                  TU/LinuxLibertineO(0)/m/n --> TU/LinuxLibertineO(0)/m/n
 on input line 99.
LaTeX Font Info:    Overwriting math alphabet `\mathit' in version `normal'
(Font)                  OT1/cmr/m/it --> TU/LinuxLibertineO(0)/m/it on input li
ne 99.
LaTeX Font Info:    Overwriting math alphabet `\mathbf' in version `normal'
(Font)                  OT1/cmr/bx/n --> TU/LinuxLibertineO(0)/b/n on input lin
e 99.
LaTeX Font Info:    Overwriting math alphabet `\mathsf' in version `normal'
(Font)                  OT1/cmss/m/n --> TU/lmss/m/n on input line 99.
LaTeX Font Info:    Overwriting math alphabet `\mathtt' in version `normal'
(Font)                  OT1/cmtt/m/n --> TU/lmtt/m/n on input line 99.
LaTeX Font Info:    Overwriting symbol font `operators' in version `bold'
(Font)                  TU/LinuxLibertineO(0)/m/n --> TU/LinuxLibertineO(0)/b/n
 on input line 99.
LaTeX Font Info:    Overwriting math alphabet `\mathit' in version `bold'
(Font)                  OT1/cmr/bx/it --> TU/LinuxLibertineO(0)/b/it on input l
ine 99.
LaTeX Font Info:    Overwriting math alphabet `\mathsf' in version `bold'
(Font)                  OT1/cmss/bx/n --> TU/lmss/b/n on input line 99.
LaTeX Font Info:    Overwriting math alphabet `\mathtt' in version `bold'
(Font)                  OT1/cmtt/m/n --> TU/lmtt/b/n on input line 99.

*geometry* driver: auto-detecting
*geometry* detected driver: xetex
*geometry* verbose mode - [ preamble ] result:
* driver: xetex
* paper: a4paper
* layout: <same size as paper>
* layoutoffset:(h,v)=(0.0pt,0.0pt)
* modes: 
* h-part:(L,W,R)=(63.87643pt, 469.75499pt, 63.87645pt)
* v-part:(T,H,B)=(63.39273pt, 686.56499pt, 95.08913pt)
* \paperwidth=597.50787pt
* \paperheight=845.04684pt
* \textwidth=469.75499pt
* \textheight=686.56499pt
* \oddsidemargin=-8.39355pt
* \evensidemargin=-8.39355pt
* \topmargin=-45.87726pt
* \headheight=12.0pt
* \headsep=25.0pt
* \topskip=12.0pt
* \footskip=30.0pt
* \marginparwidth=43.36243pt
* \marginparsep=7.0pt
* \columnsep=10.0pt
* \skip\footins=10.8pt plus 4.0pt minus 2.0pt
* \hoffset=0.0pt
* \voffset=0.0pt
* \mag=1000
* \@twocolumnfalse
* \@twosidefalse
* \@mparswitchfalse
* \@reversemargintrue
* (1in=72.27pt=25.4mm, 1cm=28.453pt)

Package hyperref Info: Link coloring ON on input line 99.
(/usr/local/texlive/2022/texmf-dist/tex/latex/hyperref/nameref.sty
Package: nameref 2021-04-02 v2.47 Cross-referencing by name of section

(/usr/local/texlive/2022/texmf-dist/tex/latex/refcount/refcount.sty
Package: refcount 2019/12/15 v3.6 Data extraction from label references (HO)
)
(/usr/local/texlive/2022/texmf-dist/tex/generic/gettitlestring/gettitlestring.s
ty
Package: gettitlestring 2019/12/15 v1.6 Cleanup title references (HO)
)
\c@section@level=\count302
)
LaTeX Info: Redefining \ref on input line 99.
LaTeX Info: Redefining \pageref on input line 99.
LaTeX Info: Redefining \nameref on input line 99.
 (./mid_cv.out) (./mid_cv.out)
\@outlinefile=\write3
\openout3 = `mid_cv.out'.


Underfull \hbox (badness 10000) in paragraph at lines 107--111

 []

LaTeX Font Info:    External font `cmex10' loaded for size
(Font)              <12> on input line 115.
LaTeX Font Info:    External font `cmex10' loaded for size
(Font)              <8> on input line 115.
LaTeX Font Info:    External font `cmex10' loaded for size
(Font)              <6> on input line 115.

Overfull \hbox (1.99998pt too wide) in paragraph at lines 105--117
[] [] 
 []


Overfull \hbox (1.99998pt too wide) in paragraph at lines 129--141
[] [] 
 []


Underfull \hbox (badness 10000) in paragraph at lines 129--141

 []


Overfull \hbox (1.99998pt too wide) in paragraph at lines 142--154
[][] [] 
 []


Underfull \hbox (badness 10000) in paragraph at lines 142--154

 []


Overfull \hbox (1.99998pt too wide) in paragraph at lines 156--168
[][] [] 
 []


Underfull \hbox (badness 10000) in paragraph at lines 156--168

 []


Overfull \hbox (1.99998pt too wide) in paragraph at lines 169--181
[][] [] 
 []


Overfull \hbox (1.99998pt too wide) in paragraph at lines 191--203
[] [] 
 []


Underfull \hbox (badness 10000) in paragraph at lines 191--203

 []


Overfull \hbox (1.99998pt too wide) in paragraph at lines 204--215
[][] [] 
 []


Overfull \hbox (1.99998pt too wide) in paragraph at lines 218--228
[] [] 
 []


Underfull \hbox (badness 10000) in paragraph at lines 218--228

 []


Overfull \hbox (1.99998pt too wide) in paragraph at lines 229--239
[][] [] 
 []


Underfull \hbox (badness 10000) in paragraph at lines 229--239

 []


Overfull \hbox (1.99998pt too wide) in paragraph at lines 240--250
[][] [] 
 []


Underfull \hbox (badness 10000) in paragraph at lines 240--250

 []

[1

]
Overfull \hbox (1.99998pt too wide) in paragraph at lines 251--261
[][] [] 
 []


Underfull \hbox (badness 10000) in paragraph at lines 251--261

 []


Overfull \hbox (1.99998pt too wide) in paragraph at lines 262--272
[][] [] 
 []


Underfull \hbox (badness 10000) in paragraph at lines 262--272

 []


Overfull \hbox (1.99998pt too wide) in paragraph at lines 273--283
[][] [] 
 []


Underfull \hbox (badness 10000) in paragraph at lines 273--283

 []


Overfull \hbox (1.99998pt too wide) in paragraph at lines 284--294
[][] [] 
 []


Underfull \hbox (badness 10000) in paragraph at lines 284--294

 []


Overfull \hbox (1.99998pt too wide) in paragraph at lines 295--305
[][] [] 
 []


Underfull \hbox (badness 10000) in paragraph at lines 295--305

 []


Overfull \hbox (1.99998pt too wide) in paragraph at lines 306--316
[][] [] 
 []


Underfull \hbox (badness 10000) in paragraph at lines 306--316

 []


Overfull \hbox (1.99998pt too wide) in paragraph at lines 317--327
[][] [] 
 []


Underfull \hbox (badness 10000) in paragraph at lines 317--327

 []


Overfull \hbox (1.99998pt too wide) in paragraph at lines 328--338
[][] [] 
 []


Overfull \hbox (1.99998pt too wide) in paragraph at lines 341--351
[] [] 
 []


Underfull \hbox (badness 10000) in paragraph at lines 341--351

 []


Overfull \hbox (1.99998pt too wide) in paragraph at lines 352--362
[][] [] 
 []


Underfull \hbox (badness 10000) in paragraph at lines 352--362

 []


Overfull \hbox (1.99998pt too wide) in paragraph at lines 363--373
[][] [] 
 []


Underfull \hbox (badness 10000) in paragraph at lines 363--373

 []


Overfull \hbox (1.99998pt too wide) in paragraph at lines 374--384
[][] [] 
 []


Underfull \hbox (badness 10000) in paragraph at lines 374--384

 []


Overfull \hbox (1.99998pt too wide) in paragraph at lines 385--395
[][] [] 
 []


Underfull \hbox (badness 10000) in paragraph at lines 385--395

 []

[2]
Overfull \hbox (1.99998pt too wide) in paragraph at lines 396--406
[][] [] 
 []


Underfull \hbox (badness 10000) in paragraph at lines 396--406

 []


Overfull \hbox (1.99998pt too wide) in paragraph at lines 407--417
[][] [] 
 []


Underfull \hbox (badness 10000) in paragraph at lines 407--417

 []


Overfull \hbox (1.99998pt too wide) in paragraph at lines 418--428
[][] [] 
 []


Underfull \hbox (badness 10000) in paragraph at lines 418--428

 []


Overfull \hbox (1.99998pt too wide) in paragraph at lines 429--439
[][] [] 
 []


Underfull \hbox (badness 10000) in paragraph at lines 429--439

 []


Overfull \hbox (1.99998pt too wide) in paragraph at lines 440--450
[][] [] 
 []


Underfull \hbox (badness 10000) in paragraph at lines 440--450

 []


Overfull \hbox (1.99998pt too wide) in paragraph at lines 451--461
[][] [] 
 []


Underfull \hbox (badness 10000) in paragraph at lines 463--464

 []


Overfull \hbox (1.99998pt too wide) in paragraph at lines 465--475
[][] [] 
 []


Underfull \hbox (badness 10000) in paragraph at lines 465--475

 []


Overfull \hbox (1.99998pt too wide) in paragraph at lines 476--486
[][] [] 
 []


Underfull \hbox (badness 10000) in paragraph at lines 476--486

 []


Overfull \hbox (1.99998pt too wide) in paragraph at lines 487--497
[][] [] 
 []


Underfull \hbox (badness 10000) in paragraph at lines 487--497

 []


Overfull \hbox (1.99998pt too wide) in paragraph at lines 498--508
[][] [] 
 []


Underfull \hbox (badness 10000) in paragraph at lines 498--508

 []


Overfull \hbox (1.99998pt too wide) in paragraph at lines 509--519
[][] [] 
 []


Underfull \hbox (badness 10000) in paragraph at lines 509--519

 []


Overfull \hbox (1.99998pt too wide) in paragraph at lines 520--530
[][] [] 
 []


Underfull \hbox (badness 10000) in paragraph at lines 520--530

 []

[3] [4] [5]
Underfull \hbox (badness 10000) in paragraph at lines 578--579

 []


Overfull \hbox (1.99998pt too wide) in paragraph at lines 580--590
[][] []
 []


Overfull \hbox (1.99998pt too wide) in paragraph at lines 591--601
[][] []
 []


Overfull \hbox (1.99998pt too wide) in paragraph at lines 602--612
[][] []
 []


Overfull \hbox (1.99998pt too wide) in paragraph at lines 613--623
[][] []
 []


Overfull \hbox (1.99998pt too wide) in paragraph at lines 624--634
[][] []
 []


Overfull \hbox (1.99998pt too wide) in paragraph at lines 635--645
[][] []
 []


Overfull \hbox (1.99998pt too wide) in paragraph at lines 646--656
[][] []
 []


Overfull \hbox (1.99998pt too wide) in paragraph at lines 657--667
[][] []
 []


Overfull \hbox (1.99998pt too wide) in paragraph at lines 668--678
[][] []
 []


Overfull \hbox (1.99998pt too wide) in paragraph at lines 679--689
[][] []
 []


Underfull \hbox (badness 10000) in paragraph at lines 690--691

 []


Overfull \hbox (1.99998pt too wide) in paragraph at lines 692--702
[][] []
 []


Overfull \hbox (1.99998pt too wide) in paragraph at lines 703--713
[][] []
 []


Overfull \hbox (1.99998pt too wide) in paragraph at lines 714--724
[][] []
 []


Overfull \hbox (1.99998pt too wide) in paragraph at lines 726--736
[][] []
 []


Overfull \hbox (1.99998pt too wide) in paragraph at lines 738--748
[][] []
 []

[6]
Overfull \hbox (1.99998pt too wide) in paragraph at lines 749--759
[][] []
 []


Overfull \hbox (1.99998pt too wide) in paragraph at lines 760--770
[][] []
 []


Overfull \hbox (1.99998pt too wide) in paragraph at lines 771--781
[][] []
 []


Overfull \hbox (1.99998pt too wide) in paragraph at lines 782--792
[][] []
 []


Overfull \hbox (1.99998pt too wide) in paragraph at lines 793--803
[][] []
 []


Overfull \hbox (1.99998pt too wide) in paragraph at lines 804--814
[][] []
 []


Overfull \hbox (1.99998pt too wide) in paragraph at lines 815--825
[][] []
 []


Overfull \hbox (1.99998pt too wide) in paragraph at lines 826--837
[][] []
 []


Overfull \hbox (1.99998pt too wide) in paragraph at lines 839--849
[][] []
 []


Overfull \hbox (1.99998pt too wide) in paragraph at lines 850--860
[][] []
 []


Overfull \hbox (1.99998pt too wide) in paragraph at lines 863--872
[] [] 
 []


Overfull \hbox (1.99998pt too wide) in paragraph at lines 875--884
[][] [] 
 []


Overfull \hbox (1.99998pt too wide) in paragraph at lines 887--896
[][] [] 
 []


Overfull \hbox (1.99998pt too wide) in paragraph at lines 899--908
[][] [] 
 []


Overfull \hbox (1.99998pt too wide) in paragraph at lines 911--920
[][] [] 
 []


Overfull \hbox (1.99998pt too wide) in paragraph at lines 923--932
[][] [] 
 []


Overfull \hbox (1.99998pt too wide) in paragraph at lines 935--944
[][] [] 
 []


Overfull \hbox (1.99998pt too wide) in paragraph at lines 947--956
[][] [] 
 []


Overfull \hbox (1.99998pt too wide) in paragraph at lines 959--968
[][] [] 
 []

[7]
Overfull \hbox (1.99998pt too wide) in paragraph at lines 971--980
[][] [] 
 []


Overfull \hbox (1.99998pt too wide) in paragraph at lines 983--992
[][] [] 
 []


Overfull \hbox (1.99998pt too wide) in paragraph at lines 995--1004
[][] [] 
 []


Overfull \hbox (1.99998pt too wide) in paragraph at lines 1007--1016
[][] [] 
 []


Overfull \hbox (1.99998pt too wide) in paragraph at lines 1019--1028
[][] [] 
 []


Overfull \hbox (1.99998pt too wide) in paragraph at lines 1031--1040
[][] [] 
 []


Overfull \hbox (1.99998pt too wide) in paragraph at lines 1043--1052
[][] [] 
 []


Overfull \hbox (1.99998pt too wide) in paragraph at lines 1055--1064
[][] [] 
 []


Overfull \hbox (1.99998pt too wide) in paragraph at lines 1067--1076
[][] [] 
 []


Overfull \hbox (1.99998pt too wide) in paragraph at lines 1079--1088
[][] [] 
 []


Overfull \hbox (1.99998pt too wide) in paragraph at lines 1113--1122
[][] [] 
 []


Overfull \hbox (1.99998pt too wide) in paragraph at lines 1125--1134
[][] [] 
 []


Overfull \hbox (1.99998pt too wide) in paragraph at lines 1137--1146
[][] [] 
 []


Overfull \hbox (1.99998pt too wide) in paragraph at lines 1149--1158
[][] [] 
 []


Overfull \hbox (1.99998pt too wide) in paragraph at lines 1161--1170
[][] [] 
 []


Overfull \hbox (1.99998pt too wide) in paragraph at lines 1173--1183
[] [] 
 []


Underfull \hbox (badness 10000) in paragraph at lines 1173--1183

 []


Overfull \hbox (1.99998pt too wide) in paragraph at lines 1184--1194
[][] [] 
 []


Underfull \hbox (badness 10000) in paragraph at lines 1184--1194

 []


Overfull \hbox (1.99998pt too wide) in paragraph at lines 1195--1205
[][] [] 
 []


Underfull \hbox (badness 10000) in paragraph at lines 1195--1205

 []


Overfull \hbox (1.99998pt too wide) in paragraph at lines 1206--1216
[][] [] 
 []


Overfull \hbox (1.99998pt too wide) in paragraph at lines 1222--1264
[] []
 []


Overfull \hbox (1.99998pt too wide) in paragraph at lines 1222--1264
[] []
 []


Overfull \hbox (1.99998pt too wide) in paragraph at lines 1222--1264
[] []
 []


Overfull \hbox (1.99998pt too wide) in paragraph at lines 1222--1264
[] []
 []


Overfull \hbox (1.99998pt too wide) in paragraph at lines 1222--1264
[] []
 []


Overfull \hbox (1.99998pt too wide) in paragraph at lines 1222--1264
[] []
 []


Overfull \hbox (1.99998pt too wide) in paragraph at lines 1222--1264
[] [] 
 []

[8]
Overfull \hbox (1.99998pt too wide) in paragraph at lines 1268--1278
[] [] 
 []


Overfull \hbox (1.99998pt too wide) in paragraph at lines 1281--1291
[] [] 
 []


Underfull \hbox (badness 10000) in paragraph at lines 1281--1291

 []


Overfull \hbox (1.99998pt too wide) in paragraph at lines 1292--1302
[][] [] 
 []


Underfull \hbox (badness 10000) in paragraph at lines 1292--1302

 []


Overfull \hbox (1.99998pt too wide) in paragraph at lines 1303--1313
[][] [] 
 []


Underfull \hbox (badness 10000) in paragraph at lines 1303--1313

 []


Overfull \hbox (1.99998pt too wide) in paragraph at lines 1314--1324
[][] [] 
 []


Underfull \hbox (badness 10000) in paragraph at lines 1314--1324

 []


Overfull \hbox (1.99998pt too wide) in paragraph at lines 1325--1335
[][] [] 
 []


Underfull \hbox (badness 10000) in paragraph at lines 1325--1335

 []


Overfull \hbox (1.99998pt too wide) in paragraph at lines 1336--1346
[][] [] 
 []


Underfull \hbox (badness 10000) in paragraph at lines 1336--1346

 []


Overfull \hbox (1.99998pt too wide) in paragraph at lines 1347--1357
[][] [] 
 []


Underfull \hbox (badness 10000) in paragraph at lines 1347--1357

 []


Overfull \hbox (1.99998pt too wide) in paragraph at lines 1358--1368
[][] [] 
 []


Underfull \hbox (badness 10000) in paragraph at lines 1358--1368

 []


Overfull \hbox (1.99998pt too wide) in paragraph at lines 1369--1379
[][] [] 
 []


Underfull \hbox (badness 10000) in paragraph at lines 1369--1379

 []


Overfull \hbox (1.99998pt too wide) in paragraph at lines 1380--1390
[][] [] 
 []


Underfull \hbox (badness 10000) in paragraph at lines 1380--1390

 []

[9]
Overfull \hbox (1.99998pt too wide) in paragraph at lines 1391--1401
[][] [] 
 []


Underfull \hbox (badness 10000) in paragraph at lines 1391--1401

 []


Overfull \hbox (1.99998pt too wide) in paragraph at lines 1402--1412
[][] [] 
 []

[10] (./mid_cv.aux)
Package rerunfilecheck Info: File `mid_cv.out' has not changed.
(rerunfilecheck)             Checksum: D41D8CD98F00B204E9800998ECF8427E;0.
 ) 
Here is how much of TeX's memory you used:
 15087 strings out of 476179
 285774 string characters out of 5809544
 636562 words of memory out of 5000000
 35670 multiletter control sequences out of 15000+600000
 472653 words of font info for 63 fonts, out of 8000000 for 9000
 1348 hyphenation exceptions out of 8191
 73i,6n,108p,359b,474s stack positions out of 10000i,1000n,20000p,200000b,200000s

Output written on mid_cv.pdf (10 pages).
